#
# An unexpected error has been detected by Java Runtime Environment:
#
#  EXCEPTION_ACCESS_VIOLATION (0xc0000005) at pc=0x6da669a2, pid=5500, tid=276
#
# Java VM: Java HotSpot(TM) Client VM (11.3-b02 mixed mode windows-x86)
# Problematic frame:
# V  [jvm.dll+0x1b69a2]
#
# If you would like to submit a bug report, please visit:
#   http://java.sun.com/webapps/bugreport/crash.jsp
#

---------------  T H R E A D  ---------------

Current thread (0x01d7ec00):  JavaThread "JDWP Transport Listener: dt_socket" daemon [_thread_in_vm, id=276, stack(0x0c910000,0x0c960000)]

siginfo: ExceptionCode=0xc0000005, reading address 0x0000000c

Registers:
EAX=0x00000000, EBX=0x0000000c, ECX=0x0000000c, EDX=0x00000000
ESP=0x0c95fc20, EBP=0x6d44e93c, ESI=0x0000000c, EDI=0x00000003
EIP=0x6da669a2, EFLAGS=0x00010206

Top of Stack: (sp=0x0c95fc20)
0x0c95fc20:   01d7e038 00000003 6da669e3 0000000c
0x0c95fc30:   00000003 6d44e0fc 01d7e038 6d44e93c
0x0c95fc40:   6d44e114 6d97b87d 0000000c 00000003
0x0c95fc50:   6d98bc6f 044ebcf0 6d44e0fc 01d7ed14
0x0c95fc60:   6d44e93c 6d44e114 01d7ec00 00000000
0x0c95fc70:   6d449b79 01d7ed14 0c95fcbc 01d6a730
0x0c95fc80:   01d6a738 01d6ab24 6d4362bd 01d7ec00
0x0c95fc90:   0cca5020 00000000 0c95fcbc 0c95fe58 

Instructions: (pc=0x6da669a2)
0x6da66992:   7c 24 0c 33 c0 33 d2 85 ff 7e 2d 56 8b 74 24 0c
0x6da669a2:   66 8b 0c 56 66 83 f9 01 72 09 66 83 f9 7f 77 03 


Stack: [0x0c910000,0x0c960000],  sp=0x0c95fc20,  free space=319k
Native frames: (J=compiled Java code, j=interpreted, Vv=VM code, C=native code)
V  [jvm.dll+0x1b69a2]


---------------  P R O C E S S  ---------------

Java Threads: ( => current thread )
  0x0f5f9400 JavaThread "TimerQueue" daemon [_thread_blocked, id=3992, stack(0x175a0000,0x175f0000)]
  0x0f5c4c00 JavaThread "D3D Screen Updater" daemon [_thread_blocked, id=3060, stack(0x0fa00000,0x0fa50000)]
  0x01dc9c00 JavaThread "DestroyJavaVM" [_thread_blocked, id=4172, stack(0x00380000,0x003d0000)]
  0x0ccfc800 JavaThread "AWT-EventQueue-0" [_thread_blocked, id=6084, stack(0x0d3c0000,0x0d410000)]
  0x0ccfa000 JavaThread "AWT-Windows" daemon [_thread_in_native, id=5368, stack(0x0d330000,0x0d380000)]
  0x0ccf9800 JavaThread "AWT-Shutdown" [_thread_blocked, id=5560, stack(0x0d2a0000,0x0d2f0000)]
  0x0ccf9000 JavaThread "Java2D Disposer" daemon [_thread_blocked, id=5716, stack(0x0d110000,0x0d160000)]
  0x0cca3400 JavaThread "Low Memory Detector" daemon [_thread_blocked, id=4912, stack(0x0cbf0000,0x0cc40000)]
  0x01d8f800 JavaThread "CompilerThread0" daemon [_thread_blocked, id=5320, stack(0x0cb60000,0x0cbb0000)]
  0x01d80c00 JavaThread "JDWP Command Reader" daemon [_thread_in_native, id=4824, stack(0x0cad0000,0x0cb20000)]
  0x01d80400 JavaThread "JDWP Event Helper Thread" daemon [_thread_blocked, id=3424, stack(0x0c9e0000,0x0ca30000)]
=>0x01d7ec00 JavaThread "JDWP Transport Listener: dt_socket" daemon [_thread_in_vm, id=276, stack(0x0c910000,0x0c960000)]
  0x01d42c00 JavaThread "Attach Listener" daemon [_thread_blocked, id=4220, stack(0x0c770000,0x0c7c0000)]
  0x01d42000 JavaThread "Signal Dispatcher" daemon [_thread_blocked, id=2044, stack(0x0c6e0000,0x0c730000)]
  0x01d2f800 JavaThread "Finalizer" daemon [_thread_blocked, id=1048, stack(0x0c650000,0x0c6a0000)]
  0x01d2b000 JavaThread "Reference Handler" daemon [_thread_blocked, id=5444, stack(0x0c5c0000,0x0c610000)]

Other Threads:
  0x01d27800 VMThread [stack: 0x0c530000,0x0c580000] [id=2836]
  0x0cca6000 WatcherThread [stack: 0x0cee0000,0x0cf30000] [id=1556]

VM state:not at safepoint (normal execution)

VM Mutex/Monitor currently owned by a thread: None

Heap
 def new generation   total 960K, used 413K [0x044a0000, 0x045a0000, 0x04980000)
  eden space 896K,  39% used [0x044a0000, 0x044f77f8, 0x04580000)
  from space 64K, 100% used [0x04590000, 0x045a0000, 0x045a0000)
  to   space 64K,   0% used [0x04580000, 0x04580000, 0x04590000)
 tenured generation   total 7840K, used 6823K [0x04980000, 0x05128000, 0x084a0000)
   the space 7840K,  87% used [0x04980000, 0x05029c30, 0x05029e00, 0x05128000)
 compacting perm gen  total 14848K, used 14785K [0x084a0000, 0x09320000, 0x0c4a0000)
   the space 14848K,  99% used [0x084a0000, 0x093105f8, 0x09310600, 0x09320000)
No shared spaces configured.

Dynamic libraries:
0x00400000 - 0x00424000 	C:\Users\WZBC\AppData\Local\Genuitec\Common\binary\com.sun.java.jdk.win32.x86_1.6.0.013\bin\javaw.exe
0x77100000 - 0x77280000 	C:\Windows\SysWOW64\ntdll.dll
0x76b50000 - 0x76c60000 	C:\Windows\syswow64\kernel32.dll
0x74b50000 - 0x74b97000 	C:\Windows\syswow64\KERNELBASE.dll
0x752e0000 - 0x75380000 	C:\Windows\syswow64\ADVAPI32.dll
0x75040000 - 0x750ec000 	C:\Windows\syswow64\msvcrt.dll
0x75180000 - 0x75199000 	C:\Windows\SysWOW64\sechost.dll
0x74f10000 - 0x75000000 	C:\Windows\syswow64\RPCRT4.dll
0x74a90000 - 0x74af0000 	C:\Windows\syswow64\SspiCli.dll
0x74a80000 - 0x74a8c000 	C:\Windows\syswow64\CRYPTBASE.dll
0x76460000 - 0x76560000 	C:\Windows\syswow64\USER32.dll
0x75380000 - 0x75410000 	C:\Windows\syswow64\GDI32.dll
0x74ba0000 - 0x74baa000 	C:\Windows\syswow64\LPK.dll
0x767b0000 - 0x7684d000 	C:\Windows\syswow64\USP10.dll
0x75780000 - 0x757e0000 	C:\Windows\system32\IMM32.DLL
0x75600000 - 0x756cc000 	C:\Windows\syswow64\MSCTF.dll
0x7c340000 - 0x7c396000 	C:\Users\WZBC\AppData\Local\Genuitec\Common\binary\com.sun.java.jdk.win32.x86_1.6.0.013\jre\bin\msvcr71.dll
0x6d8b0000 - 0x6db06000 	C:\Users\WZBC\AppData\Local\Genuitec\Common\binary\com.sun.java.jdk.win32.x86_1.6.0.013\jre\bin\client\jvm.dll
0x723b0000 - 0x723e2000 	C:\Windows\system32\WINMM.dll
0x72360000 - 0x723ac000 	C:\Windows\system32\apphelp.dll
0x6d340000 - 0x6d348000 	C:\Users\WZBC\AppData\Local\Genuitec\Common\binary\com.sun.java.jdk.win32.x86_1.6.0.013\jre\bin\hpi.dll
0x75020000 - 0x75025000 	C:\Windows\syswow64\PSAPI.DLL
0x6d430000 - 0x6d459000 	C:\Users\WZBC\AppData\Local\Genuitec\Common\binary\com.sun.java.jdk.win32.x86_1.6.0.013\jre\bin\jdwp.dll
0x6d750000 - 0x6d756000 	C:\Users\WZBC\AppData\Local\Genuitec\Common\binary\com.sun.java.jdk.win32.x86_1.6.0.013\jre\bin\npt.dll
0x6d860000 - 0x6d86c000 	C:\Users\WZBC\AppData\Local\Genuitec\Common\binary\com.sun.java.jdk.win32.x86_1.6.0.013\jre\bin\verify.dll
0x6d3e0000 - 0x6d3ff000 	C:\Users\WZBC\AppData\Local\Genuitec\Common\binary\com.sun.java.jdk.win32.x86_1.6.0.013\jre\bin\java.dll
0x6d8a0000 - 0x6d8af000 	C:\Users\WZBC\AppData\Local\Genuitec\Common\binary\com.sun.java.jdk.win32.x86_1.6.0.013\jre\bin\zip.dll
0x6d2b0000 - 0x6d2b7000 	C:\Users\WZBC\AppData\Local\Genuitec\Common\binary\com.sun.java.jdk.win32.x86_1.6.0.013\jre\bin\dt_socket.dll
0x76cc0000 - 0x76cf5000 	C:\Windows\syswow64\WS2_32.dll
0x757e0000 - 0x757e6000 	C:\Windows\syswow64\NSI.dll
0x745d0000 - 0x745e0000 	C:\Windows\system32\NLAapi.dll
0x745c0000 - 0x745d0000 	C:\Windows\system32\napinsp.dll
0x745a0000 - 0x745b2000 	C:\Windows\system32\pnrpnsp.dll
0x71630000 - 0x7166c000 	C:\Windows\System32\mswsock.dll
0x71730000 - 0x71774000 	C:\Windows\system32\DNSAPI.dll
0x74580000 - 0x74588000 	C:\Windows\System32\winrnr.dll
0x72710000 - 0x7272c000 	C:\Windows\system32\IPHLPAPI.DLL
0x72700000 - 0x72707000 	C:\Windows\system32\WINNSI.DLL
0x74280000 - 0x742b8000 	C:\Windows\System32\fwpuclnt.dll
0x74450000 - 0x74456000 	C:\Windows\system32\rasadhlp.dll
0x71550000 - 0x71555000 	C:\Windows\System32\wshtcpip.dll
0x6d0b0000 - 0x6d1fa000 	C:\Users\WZBC\AppData\Local\Genuitec\Common\binary\com.sun.java.jdk.win32.x86_1.6.0.013\jre\bin\awt.dll
0x733b0000 - 0x73401000 	C:\Windows\system32\WINSPOOL.DRV
0x768a0000 - 0x769fc000 	C:\Windows\syswow64\ole32.dll
0x73420000 - 0x735be000 	C:\Windows\WinSxS\x86_microsoft.windows.common-controls_6595b64144ccf1df_6.0.7601.17514_none_41e6975e2bd6f2b2\comctl32.dll
0x74af0000 - 0x74b47000 	C:\Windows\syswow64\SHLWAPI.dll
0x73b50000 - 0x73b63000 	C:\Windows\system32\DWMAPI.DLL
0x724e0000 - 0x72560000 	C:\Windows\system32\uxtheme.dll
0x6d2e0000 - 0x6d334000 	C:\Users\WZBC\AppData\Local\Genuitec\Common\binary\com.sun.java.jdk.win32.x86_1.6.0.013\jre\bin\fontmanager.dll
0x6d6c0000 - 0x6d6d3000 	C:\Users\WZBC\AppData\Local\Genuitec\Common\binary\com.sun.java.jdk.win32.x86_1.6.0.013\jre\bin\net.dll
0x74570000 - 0x74576000 	C:\Windows\System32\wship6.dll
0x6d6e0000 - 0x6d6e9000 	C:\Users\WZBC\AppData\Local\Genuitec\Common\binary\com.sun.java.jdk.win32.x86_1.6.0.013\jre\bin\nio.dll
0x0d410000 - 0x0d5d3000 	C:\Windows\system32\d3d9.dll
0x73410000 - 0x73419000 	C:\Windows\system32\VERSION.dll
0x53760000 - 0x53766000 	C:\Windows\system32\d3d8thk.dll
0x0ff10000 - 0x10036000 	C:\Windows\system32\aticfx32.dll
0x50030000 - 0x5004c000 	C:\Windows\system32\atiu9pag.dll
0x0d830000 - 0x0df3c000 	C:\Windows\system32\atiumdag.dll
0x6fc30000 - 0x703c9000 	C:\Windows\system32\atiumdva.dll
0x74540000 - 0x74565000 	C:\Windows\system32\POWRPROF.dll
0x76560000 - 0x766fd000 	C:\Windows\syswow64\SETUPAPI.dll
0x76c90000 - 0x76cb7000 	C:\Windows\syswow64\CFGMGR32.dll
0x750f0000 - 0x7517f000 	C:\Windows\syswow64\OLEAUT32.dll
0x75760000 - 0x75772000 	C:\Windows\syswow64\DEVOBJ.dll
0x75800000 - 0x7644a000 	C:\Windows\syswow64\shell32.dll
0x6d500000 - 0x6d524000 	C:\Users\WZBC\AppData\Local\Genuitec\Common\binary\com.sun.java.jdk.win32.x86_1.6.0.013\jre\bin\jpeg.dll
0x76700000 - 0x76783000 	C:\Windows\syswow64\CLBCatQ.DLL
0x737e0000 - 0x7387f000 	C:\Windows\SysWow64\IME\QQPinyinTSF\QQPinyinTSF.dll
0x726d0000 - 0x726dd000 	C:\Windows\system32\WTSAPI32.dll
0x72580000 - 0x725a9000 	C:\Windows\system32\WINSTA.dll
0x703d0000 - 0x70c13000 	C:\Windows\system32\IME\QQPinyinTSF\QQPinyin.ime
0x72440000 - 0x72445000 	C:\Windows\system32\MSIMG32.dll
0x75410000 - 0x755f4000 	C:\Windows\syswow64\WININET.dll
0x757f0000 - 0x757f4000 	C:\Windows\syswow64\api-ms-win-downlevel-user32-l1-1-0.dll
0x767a0000 - 0x767a4000 	C:\Windows\syswow64\api-ms-win-downlevel-shlwapi-l1-1-0.dll
0x75250000 - 0x75254000 	C:\Windows\syswow64\api-ms-win-downlevel-version-l1-1-0.dll
0x770d0000 - 0x770d3000 	C:\Windows\syswow64\api-ms-win-downlevel-normaliz-l1-1-0.dll
0x75010000 - 0x75013000 	C:\Windows\syswow64\normaliz.DLL
0x74bb0000 - 0x74de2000 	C:\Windows\syswow64\iertutil.dll
0x76450000 - 0x76455000 	C:\Windows\syswow64\api-ms-win-downlevel-advapi32-l1-1-0.dll
0x75200000 - 0x75217000 	C:\Windows\syswow64\USERENV.dll
0x75030000 - 0x7503b000 	C:\Windows\syswow64\profapi.dll
0x71ff0000 - 0x72006000 	C:\Windows\system32\CRYPTSP.dll
0x71fb0000 - 0x71feb000 	C:\Windows\system32\rsaenh.dll
0x74070000 - 0x74165000 	C:\Windows\system32\PROPSYS.dll
0x72330000 - 0x72351000 	C:\Windows\system32\ntmarta.dll
0x76850000 - 0x76895000 	C:\Windows\syswow64\WLDAP32.dll
0x76a00000 - 0x76b4a000 	C:\Windows\SysWOW64\urlmon.dll
0x75000000 - 0x75004000 	C:\Windows\syswow64\api-ms-win-downlevel-ole32-l1-1-0.dll
0x72450000 - 0x72458000 	C:\Windows\system32\Secur32.dll
0x74620000 - 0x74624000 	C:\Windows\system32\api-ms-win-downlevel-advapi32-l2-1-0.dll
0x6d840000 - 0x6d848000 	C:\Users\WZBC\AppData\Local\Genuitec\Common\binary\com.sun.java.jdk.win32.x86_1.6.0.013\jre\bin\sunmscapi.dll
0x74df0000 - 0x74f0d000 	C:\Windows\syswow64\CRYPT32.dll
0x76790000 - 0x7679c000 	C:\Windows\syswow64\MSASN1.dll

VM Arguments:
jvm_args: -agentlib:jdwp=transport=dt_socket,suspend=y,address=localhost:3117 -Dfile.encoding=GBK 
java_command: Main.login
Launcher Type: SUN_STANDARD

Environment Variables:
PATH=C:\Users\WZBC\AppData\Local\Genuitec\Common\binary\com.sun.java.jdk.win32.x86_1.6.0.013\jre\bin;C:/Users/WZBC/AppData/Local/Genuitec/Common/binary/com.sun.java.jdk.win32.x86_1.6.0.013/jre/bin/client;C:/Users/WZBC/AppData/Local/Genuitec/Common/binary/com.sun.java.jdk.win32.x86_1.6.0.013/jre/bin;C:\Windows\system32;C:\Windows;C:\Windows\System32\Wbem;C:\Windows\System32\WindowsPowerShell\v1.0\;C:\Program Files (x86)\AMD\ATI.ACE\Core-Static;C:\Program Files (x86)\Microsoft SQL Server\100\Tools\Binn\;C:\Program Files\Microsoft SQL Server\100\Tools\Binn\;C:\Program Files\Microsoft SQL Server\100\DTS\Binn\;C:\Program Files (x86)\Microsoft SQL Server\100\Tools\Binn\VSShell\Common7\IDE\;C:\Program Files (x86)\Microsoft Visual Studio 9.0\Common7\IDE\PrivateAssemblies\;C:\Program Files (x86)\Microsoft SQL Server\100\DTS\Binn\
USERNAME=WZBC
OS=Windows_NT
PROCESSOR_IDENTIFIER=Intel64 Family 6 Model 58 Stepping 9, GenuineIntel



---------------  S Y S T E M  ---------------

OS: Windows NT 6.1 Build 7601 Service Pack 1

CPU:total 4 (8 cores per cpu, 2 threads per core) family 6 model 10 stepping 9, cmov, cx8, fxsr, mmx, sse, sse2, sse3, ssse3, ht

Memory: 4k page, physical 4194303k(4194303k free), swap 4194303k(4194303k free)

vm_info: Java HotSpot(TM) Client VM (11.3-b02) for windows-x86 JRE (1.6.0_13-b03), built on Mar  9 2009 01:15:24 by "java_re" with MS VC++ 7.1

time: Wed Dec 27 16:33:13 2017
elapsed time: 157 seconds

